[2023-05-19 18:54:19] Текст ошибки: Undefined variable $zapros1337 | Файл: C:\OSPanel\domains\spacenotes-framework.loc\public\index.php | Строка: 12
======
[2023-05-22 18:54:22] Текст ошибки: Undefined variable $zapros1337 | Файл: C:\OSPanel\domains\spacenotes-framework.loc\public\index.php | Строка: 12
======
[2023-05-51 18:54:51] Текст ошибки: Ошибка возникла | Файл: C:\OSPanel\domains\spacenotes-framework.loc\public\index.php | Строка: 11
======
[2023-05-47 18:55:47] Текст ошибки: Ошибка возникла | Файл: C:\OSPanel\domains\spacenotes-framework.loc\public\index.php | Строка: 11
======
[2023-05-50 18:56:50] Текст ошибки: Ошибка возникла | Файл: C:\OSPanel\domains\spacenotes-framework.loc\public\index.php | Строка: 11
======
[2023-05-13 18:57:13] Текст ошибки: Ошибка возникла | Файл: C:\OSPanel\domains\spacenotes-framework.loc\public\index.php | Строка: 11
======
[2023-05-14 18:57:14] Текст ошибки: Ошибка возникла | Файл: C:\OSPanel\domains\spacenotes-framework.loc\public\index.php | Строка: 11
======
[2023-05-14 18:57:14] Текст ошибки: Ошибка возникла | Файл: C:\OSPanel\domains\spacenotes-framework.loc\public\index.php | Строка: 11
======
[2023-05-18 18:57:18] Текст ошибки: Ошибка возникла | Файл: C:\OSPanel\domains\spacenotes-framework.loc\public\index.php | Строка: 11
======
[2023-05-46 18:58:46] Текст ошибки: Ошибка возникла | Файл: C:\OSPanel\domains\spacenotes-framework.loc\public\index.php | Строка: 11
======
[2023-05-49 18:58:49] Текст ошибки: Ошибка возникла | Файл: C:\OSPanel\domains\spacenotes-framework.loc\public\index.php | Строка: 11
======
[2023-05-41 21:45:41] Текст ошибки: CORE\Router::matchRoute(): Return value must be of type bool, none returned | Файл: C:\OSPanel\domains\spacenotes-framework.loc\vendor\snfw\Router.php | Строка: 41
======
[2023-05-34 22:19:34] Текст ошибки: Undefined array key "admin_prefix" | Файл: C:\OSPanel\domains\spacenotes-framework.loc\vendor\snfw\Router.php | Строка: 29
======
[2023-05-35 22:20:35] Текст ошибки: Undefined array key "admin_prefix" | Файл: C:\OSPanel\domains\spacenotes-framework.loc\vendor\snfw\Router.php | Строка: 29
======
[2023-05-36 22:20:36] Текст ошибки: Undefined array key "admin_prefix" | Файл: C:\OSPanel\domains\spacenotes-framework.loc\vendor\snfw\Router.php | Строка: 29
======
[2023-05-25 22:24:25] Текст ошибки: Undefined array key "admin_prefix" | Файл: C:\OSPanel\domains\spacenotes-framework.loc\vendor\snfw\Router.php | Строка: 29
======
[2023-05-14 22:25:14] Текст ошибки: Undefined array key "admin_prefix" | Файл: C:\OSPanel\domains\spacenotes-framework.loc\vendor\snfw\Router.php | Строка: 29
======
[2023-05-25 22:33:25] Текст ошибки: Контроллер app\controllers\PageController не найден | Файл: C:\OSPanel\domains\spacenotes-framework.loc\vendor\snfw\Router.php | Строка: 38
======
[2023-05-38 22:33:38] Текст ошибки: Контроллер app\controllers\MainController не найден | Файл: C:\OSPanel\domains\spacenotes-framework.loc\vendor\snfw\Router.php | Строка: 38
======
[2023-05-38 22:33:38] Текст ошибки: Контроллер app\controllers\MainController не найден | Файл: C:\OSPanel\domains\spacenotes-framework.loc\vendor\snfw\Router.php | Строка: 38
======
[2023-05-38 22:34:38] Текст ошибки: Контроллер app\controllers\MainController не найден | Файл: C:\OSPanel\domains\spacenotes-framework.loc\vendor\snfw\Router.php | Строка: 38
======
[2023-05-10 22:35:10] Текст ошибки: Контроллер app\controllers\MainController не найден | Файл: C:\OSPanel\domains\spacenotes-framework.loc\vendor\snfw\Router.php | Строка: 38
======
[2023-05-11 22:35:11] Текст ошибки: Контроллер app\controllers\MainController не найден | Файл: C:\OSPanel\domains\spacenotes-framework.loc\vendor\snfw\Router.php | Строка: 38
======
[2023-05-09 22:37:09] Текст ошибки: Контроллер app\controllers\MainController не найден | Файл: C:\OSPanel\domains\spacenotes-framework.loc\vendor\snfw\Router.php | Строка: 38
======
[2023-05-10 22:37:10] Текст ошибки: Контроллер app\controllers\MainController не найден | Файл: C:\OSPanel\domains\spacenotes-framework.loc\vendor\snfw\Router.php | Строка: 38
======
[2023-05-12 22:38:12] Текст ошибки: Контроллер app\controllers\MainController не найден | Файл: C:\OSPanel\domains\spacenotes-framework.loc\vendor\snfw\Router.php | Строка: 38
======
[2023-05-13 22:38:13] Текст ошибки: Контроллер app\controllers\MainController не найден | Файл: C:\OSPanel\domains\spacenotes-framework.loc\vendor\snfw\Router.php | Строка: 38
======
[2023-05-13 22:39:13] Текст ошибки: Контроллер app\controllers\MainController не найден | Файл: C:\OSPanel\domains\spacenotes-framework.loc\vendor\snfw\Router.php | Строка: 38
======
[2023-05-14 22:39:14] Текст ошибки: Контроллер app\controllers\MainController не найден | Файл: C:\OSPanel\domains\spacenotes-framework.loc\vendor\snfw\Router.php | Строка: 38
======
[2023-05-05 22:40:05] Текст ошибки: Контроллер app\controllers\MainController не найден | Файл: C:\OSPanel\domains\spacenotes-framework.loc\vendor\snfw\Router.php | Строка: 38
======
[2023-05-51 22:40:51] Текст ошибки: Контроллер app\controllers\MainController не найден | Файл: C:\OSPanel\domains\spacenotes-framework.loc\vendor\snfw\Router.php | Строка: 39
======
[2023-05-36 22:43:36] Текст ошибки: Контроллер App\controllers\PageController не найден | Файл: C:\OSPanel\domains\spacenotes-framework.loc\vendor\snfw\Router.php | Строка: 38
======
[2023-05-08 22:44:08] Текст ошибки: Метод App\controllers\PageController::viewAction не найден | Файл: C:\OSPanel\domains\spacenotes-framework.loc\vendor\snfw\Router.php | Строка: 35
======
[2023-05-52 22:44:52] Текст ошибки: Контроллер App\controllers\admin\MainController не найден | Файл: C:\OSPanel\domains\spacenotes-framework.loc\vendor\snfw\Router.php | Строка: 38
======
[2023-05-53 22:44:53] Текст ошибки: Контроллер App\controllers\admin\MainController не найден | Файл: C:\OSPanel\domains\spacenotes-framework.loc\vendor\snfw\Router.php | Строка: 38
======
[2023-05-00 23:00:00] Текст ошибки: Контроллер App\controllers\ProductController не найден | Файл: C:\OSPanel\domains\spacenotes-framework.loc\vendor\snfw\Router.php | Строка: 50
======
[2023-05-02 23:00:02] Текст ошибки: Контроллер App\controllers\ProductController не найден | Файл: C:\OSPanel\domains\spacenotes-framework.loc\vendor\snfw\Router.php | Строка: 50
======
[2023-05-11 23:00:11] Текст ошибки: Контроллер App\controllers\ProductController не найден | Файл: C:\OSPanel\domains\spacenotes-framework.loc\vendor\snfw\Router.php | Строка: 50
======
[2023-05-15 00:47:15] Текст ошибки: Undefined array key "contoller" | Файл: C:\OSPanel\domains\spacenotes-framework.loc\vendor\snfw\Controller.php | Строка: 21
======
[2023-05-42 01:16:42] Текст ошибки: Не найден шаблон C:\OSPanel\domains\spacenotes-framework.loc/app/views/Main/index.php | Файл: C:\OSPanel\domains\spacenotes-framework.loc\vendor\snfw\View.php | Строка: 31
======
[2023-05-27 01:17:27] Текст ошибки: Не найден шаблон C:\OSPanel\domains\spacenotes-framework.loc/app/views/Main/index.php | Файл: C:\OSPanel\domains\spacenotes-framework.loc\vendor\snfw\View.php | Строка: 31
======
[2023-05-56 01:17:56] Текст ошибки: Не найден шаблон C:\OSPanel\domains\spacenotes-framework.loc/app/views/Main/index.php | Файл: C:\OSPanel\domains\spacenotes-framework.loc\vendor\snfw\View.php | Строка: 31
======
[2023-05-02 01:24:02] Текст ошибки: Не найден шаблон C:\OSPanel\domains\spacenotes-framework.loc/app/views/layout/snShop.php | Файл: C:\OSPanel\domains\spacenotes-framework.loc\vendor\snfw\View.php | Строка: 41
======
[2023-05-50 01:24:50] Текст ошибки: Не найден шаблон C:\OSPanel\domains\spacenotes-framework.loc/app/views/layout/test.php | Файл: C:\OSPanel\domains\spacenotes-framework.loc\vendor\snfw\View.php | Строка: 41
======
[2023-05-42 01:25:42] Текст ошибки: Не найден шаблон C:\OSPanel\domains\spacenotes-framework.loc/app/views/layout/snShop.php | Файл: C:\OSPanel\domains\spacenotes-framework.loc\vendor\snfw\View.php | Строка: 41
======
[2023-05-50 01:26:50] Текст ошибки: Не найден шаблон C:\OSPanel\domains\spacenotes-framework.loc/app/views/layout/snShop.php | Файл: C:\OSPanel\domains\spacenotes-framework.loc\vendor\snfw\View.php | Строка: 41
======
[2023-05-51 01:26:51] Текст ошибки: Не найден шаблон C:\OSPanel\domains\spacenotes-framework.loc/app/views/layout/snShop.php | Файл: C:\OSPanel\domains\spacenotes-framework.loc\vendor\snfw\View.php | Строка: 41
======
[2023-05-51 01:26:51] Текст ошибки: Не найден шаблон C:\OSPanel\domains\spacenotes-framework.loc/app/views/layout/snShop.php | Файл: C:\OSPanel\domains\spacenotes-framework.loc\vendor\snfw\View.php | Строка: 41
======
[2023-05-36 01:23:36] Текст ошибки: Call to a member function find() on null | Файл: C:\OSPanel\domains\spacenotes-framework.loc\vendor\gabordemooij\redbean\RedBeanPHP\Facade.php | Строка: 1026
======
[2023-05-38 01:25:38] Текст ошибки: Соединение успешно установлено | Файл: C:\OSPanel\domains\spacenotes-framework.loc\app\controllers\MainController.php | Строка: 18
======
[2023-05-05 01:26:05] Текст ошибки: Call to a member function find() on null | Файл: C:\OSPanel\domains\spacenotes-framework.loc\vendor\gabordemooij\redbean\RedBeanPHP\Facade.php | Строка: 1026
======
[2023-05-13 01:27:13] Текст ошибки: Call to a member function find() on null | Файл: C:\OSPanel\domains\spacenotes-framework.loc\vendor\gabordemooij\redbean\RedBeanPHP\Facade.php | Строка: 1026
======
[2023-05-13 01:27:13] Текст ошибки: Call to a member function find() on null | Файл: C:\OSPanel\domains\spacenotes-framework.loc\vendor\gabordemooij\redbean\RedBeanPHP\Facade.php | Строка: 1026
======
[2023-05-31 01:28:31] Текст ошибки: syntax error, unexpected token "}" | Файл: C:\OSPanel\domains\spacenotes-framework.loc\vendor\snfw\Controller.php | Строка: 26
======
[2023-05-47 01:28:47] Текст ошибки: Не удалось найти модель app\models\Main | Файл: C:\OSPanel\domains\spacenotes-framework.loc\vendor\snfw\Controller.php | Строка: 25
======
[2023-05-35 01:29:35] Текст ошибки: Не удалось найти модель C:\OSPanel\domains\spacenotes-framework.loc\app\models\Main | Файл: C:\OSPanel\domains\spacenotes-framework.loc\vendor\snfw\Controller.php | Строка: 25
======
[2023-05-38 01:30:38] Текст ошибки: Typed property CORE\Controller::$model must not be accessed before initialization | Файл: C:\OSPanel\domains\spacenotes-framework.loc\vendor\snfw\Controller.php | Строка: 25
======
[2023-05-54 01:30:54] Текст ошибки: Не удалось найти модель C:\OSPanel\domains\spacenotes-framework.loc\app\models\Main | Файл: C:\OSPanel\domains\spacenotes-framework.loc\vendor\snfw\Controller.php | Строка: 25
======
[2023-05-01 01:33:01] Текст ошибки: Class "C:\OSPanel\domains\spacenotes-framework.loc\app\models\Main.php" not found | Файл: C:\OSPanel\domains\spacenotes-framework.loc\vendor\snfw\Controller.php | Строка: 23
======
[2023-05-53 01:34:53] Текст ошибки: Не удалось найти модель app\models\Main | Файл: C:\OSPanel\domains\spacenotes-framework.loc\vendor\snfw\Controller.php | Строка: 25
======
[2023-05-28 01:35:28] Текст ошибки: Не удалось найти модель C:\OSPanel\domains\spacenotes-framework.loc\app\models\Main | Файл: C:\OSPanel\domains\spacenotes-framework.loc\vendor\snfw\Controller.php | Строка: 25
======
[2023-05-58 01:36:58] Текст ошибки: Class "\app\models\Main" not found | Файл: C:\OSPanel\domains\spacenotes-framework.loc\vendor\snfw\Controller.php | Строка: 24
======
[2023-05-17 01:37:17] Текст ошибки: Не удалось найти файл модели C:\OSPanel\domains\spacenotes-framework.locapp\models\Main.php | Файл: C:\OSPanel\domains\spacenotes-framework.loc\vendor\snfw\Controller.php | Строка: 26
======
[2023-05-37 01:37:37] Текст ошибки: Class "app\models\Main" not found | Файл: C:\OSPanel\domains\spacenotes-framework.loc\vendor\snfw\Controller.php | Строка: 24
======
[2023-05-14 01:38:14] Текст ошибки: Call to a member function find() on null | Файл: C:\OSPanel\domains\spacenotes-framework.loc\vendor\gabordemooij\redbean\RedBeanPHP\Facade.php | Строка: 1026
======
[2023-05-39 01:41:39] Текст ошибки: Не найти класс модели app\models\Main | Файл: C:\OSPanel\domains\spacenotes-framework.loc\vendor\snfw\Controller.php | Строка: 27
======
[2023-05-41 01:41:41] Текст ошибки: Не найти класс модели app\models\Main | Файл: C:\OSPanel\domains\spacenotes-framework.loc\vendor\snfw\Controller.php | Строка: 27
======
[2023-05-48 01:43:48] Текст ошибки: Не удалось найти файл модели C:\OSPanel\domains\spacenotes-framework.loc\Main.php | Файл: C:\OSPanel\domains\spacenotes-framework.loc\vendor\snfw\Controller.php | Строка: 32
======
[2023-05-40 01:44:40] Текст ошибки: Не найти класс модели Main | Файл: C:\OSPanel\domains\spacenotes-framework.loc\vendor\snfw\Controller.php | Строка: 28
======
[2023-05-32 01:45:32] Текст ошибки: Не найти класс модели Main | Файл: C:\OSPanel\domains\spacenotes-framework.loc\vendor\snfw\Controller.php | Строка: 29
======
[2023-05-33 01:45:33] Текст ошибки: Не найти класс модели Main | Файл: C:\OSPanel\domains\spacenotes-framework.loc\vendor\snfw\Controller.php | Строка: 29
======
[2023-05-33 01:45:33] Текст ошибки: Не найти класс модели Main | Файл: C:\OSPanel\domains\spacenotes-framework.loc\vendor\snfw\Controller.php | Строка: 29
======
[2023-05-33 01:45:33] Текст ошибки: Не найти класс модели Main | Файл: C:\OSPanel\domains\spacenotes-framework.loc\vendor\snfw\Controller.php | Строка: 29
======
[2023-05-33 01:45:33] Текст ошибки: Не найти класс модели Main | Файл: C:\OSPanel\domains\spacenotes-framework.loc\vendor\snfw\Controller.php | Строка: 29
======
[2023-05-59 01:45:59] Текст ошибки: Не удалось найти класс модели app\models\Main | Файл: C:\OSPanel\domains\spacenotes-framework.loc\vendor\snfw\Controller.php | Строка: 29
======
[2023-05-34 01:48:34] Текст ошибки: Call to a member function find() on null | Файл: C:\OSPanel\domains\spacenotes-framework.loc\vendor\gabordemooij\redbean\RedBeanPHP\Facade.php | Строка: 1026
======
[2023-05-54 01:50:54] Текст ошибки: Call to a member function find() on null | Файл: C:\OSPanel\domains\spacenotes-framework.loc\vendor\gabordemooij\redbean\RedBeanPHP\Facade.php | Строка: 1026
======
[2023-05-02 01:55:02] Текст ошибки: Array to string conversion | Файл: C:\OSPanel\domains\spacenotes-framework.loc\app\views\Main\index.php | Строка: 2
======
[2023-05-50 01:57:50] Текст ошибки: Typed property CORE\Controller::$model must not be accessed before initialization | Файл: C:\OSPanel\domains\spacenotes-framework.loc\app\controllers\MainController.php | Строка: 12
======
[2023-05-41 01:59:41] Текст ошибки: Typed property CORE\Controller::$model must not be accessed before initialization | Файл: C:\OSPanel\domains\spacenotes-framework.loc\app\controllers\MainController.php | Строка: 12
======
[2023-05-18 02:00:18] Текст ошибки: Typed property CORE\Controller::$model must not be accessed before initialization | Файл: C:\OSPanel\domains\spacenotes-framework.loc\app\controllers\MainController.php | Строка: 12
======
[2023-05-19 02:00:19] Текст ошибки: Typed property CORE\Controller::$model must not be accessed before initialization | Файл: C:\OSPanel\domains\spacenotes-framework.loc\app\controllers\MainController.php | Строка: 12
======
[2023-05-32 02:00:32] Текст ошибки: compact(): Undefined variable $names | Файл: C:\OSPanel\domains\spacenotes-framework.loc\app\controllers\MainController.php | Строка: 14
======
[2023-05-40 02:00:40] Текст ошибки: Undefined variable $names | Файл: C:\OSPanel\domains\spacenotes-framework.loc\app\views\Main\index.php | Строка: 2
======
[2023-05-41 02:01:41] Текст ошибки: Call to undefined method App\controllers\MainController::getModel() | Файл: C:\OSPanel\domains\spacenotes-framework.loc\vendor\snfw\Router.php | Строка: 46
======
[2023-05-05 02:03:05] Текст ошибки: syntax error, unexpected token "/" | Файл: C:\OSPanel\domains\spacenotes-framework.loc\vendor\snfw\Controller.php | Строка: 26
======
[2023-05-14 02:03:14] Текст ошибки: Не удалось найти модель app\models\Main | Файл: C:\OSPanel\domains\spacenotes-framework.loc\vendor\snfw\Controller.php | Строка: 26
======
[2023-05-12 02:04:12] Текст ошибки: Class "App\controllers\Controller" not found | Файл: C:\OSPanel\domains\spacenotes-framework.loc\app\controllers\MainController.php | Строка: 8
======
[2023-05-44 02:04:44] Текст ошибки: Не удалось найти модель app\models\Main | Файл: C:\OSPanel\domains\spacenotes-framework.loc\vendor\snfw\Controller.php | Строка: 26
======
[2023-05-02 02:05:02] Текст ошибки: Контроллер App\controllers\MainController не найден | Файл: C:\OSPanel\domains\spacenotes-framework.loc\vendor\snfw\Router.php | Строка: 56
======
[2023-05-48 02:05:48] Текст ошибки: Не удалось найти модель app\models\Main | Файл: C:\OSPanel\domains\spacenotes-framework.loc\vendor\snfw\Controller.php | Строка: 26
======
[2023-05-00 02:06:00] Текст ошибки: Не удалось найти модель app\models\Main | Файл: C:\OSPanel\domains\spacenotes-framework.loc\vendor\snfw\Controller.php | Строка: 26
======
[2023-05-01 02:06:01] Текст ошибки: Не удалось найти модель app\models\Main | Файл: C:\OSPanel\domains\spacenotes-framework.loc\vendor\snfw\Controller.php | Строка: 26
======
[2023-05-09 02:07:09] Текст ошибки: Не удалось найти модель app\models\Main | Файл: C:\OSPanel\domains\spacenotes-framework.loc\vendor\snfw\Controller.php | Строка: 26
======
[2023-05-10 02:07:10] Текст ошибки: Не удалось найти модель app\models\Main | Файл: C:\OSPanel\domains\spacenotes-framework.loc\vendor\snfw\Controller.php | Строка: 26
======
[2023-05-10 02:07:10] Текст ошибки: Не удалось найти модель app\models\Main | Файл: C:\OSPanel\domains\spacenotes-framework.loc\vendor\snfw\Controller.php | Строка: 26
======
[2023-05-11 02:07:11] Текст ошибки: Не удалось найти модель app\models\Main | Файл: C:\OSPanel\domains\spacenotes-framework.loc\vendor\snfw\Controller.php | Строка: 26
======
[2023-05-11 02:07:11] Текст ошибки: Не удалось найти модель app\models\Main | Файл: C:\OSPanel\domains\spacenotes-framework.loc\vendor\snfw\Controller.php | Строка: 26
======
[2023-05-11 02:07:11] Текст ошибки: Не удалось найти модель app\models\Main | Файл: C:\OSPanel\domains\spacenotes-framework.loc\vendor\snfw\Controller.php | Строка: 26
======
[2023-05-42 02:07:42] Текст ошибки: Не удалось найти модель app\models\Main | Файл: C:\OSPanel\domains\spacenotes-framework.loc\vendor\snfw\Controller.php | Строка: 25
======
[2023-05-43 02:07:43] Текст ошибки: Не удалось найти модель app\models\Main | Файл: C:\OSPanel\domains\spacenotes-framework.loc\vendor\snfw\Controller.php | Строка: 25
======
[2023-05-43 02:07:43] Текст ошибки: Не удалось найти модель app\models\Main | Файл: C:\OSPanel\domains\spacenotes-framework.loc\vendor\snfw\Controller.php | Строка: 25
======
[2023-05-44 02:07:44] Текст ошибки: Не удалось найти модель app\models\Main | Файл: C:\OSPanel\domains\spacenotes-framework.loc\vendor\snfw\Controller.php | Строка: 25
======
[2023-05-44 02:07:44] Текст ошибки: Не удалось найти модель app\models\Main | Файл: C:\OSPanel\domains\spacenotes-framework.loc\vendor\snfw\Controller.php | Строка: 25
======
[2023-05-07 02:10:07] Текст ошибки: compact(): Undefined variable $names | Файл: C:\OSPanel\domains\spacenotes-framework.loc\app\controllers\MainController.php | Строка: 15
======
[2023-05-51 05:57:51] Текст ошибки: Страница не найдена | Файл: C:\OSPanel\domains\spaceshop.loc\vendor\CORE\Router.php | Строка: 59
======
[2023-05-12 06:35:12] Текст ошибки: Class "app\controllers\AppController" not found | Файл: C:\OSPanel\domains\spaceshop.loc\app\controllers\MainController.php | Строка: 8
======
[2023-05-13 06:35:13] Текст ошибки: Class "app\controllers\AppController" not found | Файл: C:\OSPanel\domains\spaceshop.loc\app\controllers\MainController.php | Строка: 8
======
[2023-05-54 06:35:54] Текст ошибки: Class "app\controllers\AppController" not found | Файл: C:\OSPanel\domains\spaceshop.loc\app\controllers\MainController.php | Строка: 5
======
[2023-05-55 06:35:55] Текст ошибки: Class "app\controllers\AppController" not found | Файл: C:\OSPanel\domains\spaceshop.loc\app\controllers\MainController.php | Строка: 5
======
[2023-05-16 06:37:16] Текст ошибки: Class "app\controllers\AppController" not found | Файл: C:\OSPanel\domains\spaceshop.loc\app\controllers\MainController.php | Строка: 8
======
[2023-05-17 06:37:17] Текст ошибки: Class "app\controllers\AppController" not found | Файл: C:\OSPanel\domains\spaceshop.loc\app\controllers\MainController.php | Строка: 8
======
[2023-05-17 06:37:17] Текст ошибки: Class "app\controllers\AppController" not found | Файл: C:\OSPanel\domains\spaceshop.loc\app\controllers\MainController.php | Строка: 8
======
[2023-05-20 06:56:20] Текст ошибки: Undefined variable $slides | Файл: C:\OSPanel\domains\spaceshop.loc\app\views\Main\index.php | Строка: 2
======
[2023-05-10 06:57:10] Текст ошибки: Undefined variable $slides | Файл: C:\OSPanel\domains\spaceshop.loc\app\views\Main\index.php | Строка: 2
======
[2023-05-37 06:58:37] Текст ошибки: Undefined variable $slides | Файл: C:\OSPanel\domains\spaceshop.loc\app\views\Main\index.php | Строка: 2
======
[2023-05-29 06:59:29] Текст ошибки: Undefined property: CORE\View::$data | Файл: C:\OSPanel\domains\spaceshop.loc\app\views\Main\index.php | Строка: 2
======
[2023-05-59 06:59:59] Текст ошибки: Undefined variable $slides | Файл: C:\OSPanel\domains\spaceshop.loc\app\views\Main\index.php | Строка: 2
======
[2023-05-00 07:00:00] Текст ошибки: Undefined variable $slides | Файл: C:\OSPanel\domains\spaceshop.loc\app\views\Main\index.php | Строка: 2
======
[2023-05-01 07:00:01] Текст ошибки: Undefined variable $slides | Файл: C:\OSPanel\domains\spaceshop.loc\app\views\Main\index.php | Строка: 2
======
[2023-05-01 07:00:01] Текст ошибки: Undefined variable $slides | Файл: C:\OSPanel\domains\spaceshop.loc\app\views\Main\index.php | Строка: 2
======
[2023-05-18 07:00:18] Текст ошибки: Undefined variable $slides | Файл: C:\OSPanel\domains\spaceshop.loc\app\views\Main\index.php | Строка: 2
======
[2023-05-19 07:00:19] Текст ошибки: Undefined variable $slides | Файл: C:\OSPanel\domains\spaceshop.loc\app\views\Main\index.php | Строка: 2
======
[2023-05-19 07:00:19] Текст ошибки: Undefined variable $slides | Файл: C:\OSPanel\domains\spaceshop.loc\app\views\Main\index.php | Строка: 2
======
[2023-05-46 07:00:46] Текст ошибки: Undefined variable $slider | Файл: C:\OSPanel\domains\spaceshop.loc\app\views\Main\index.php | Строка: 2
======
[2023-05-47 07:00:47] Текст ошибки: Undefined variable $slider | Файл: C:\OSPanel\domains\spaceshop.loc\app\views\Main\index.php | Строка: 2
======
[2023-05-47 07:00:47] Текст ошибки: Undefined variable $slider | Файл: C:\OSPanel\domains\spaceshop.loc\app\views\Main\index.php | Строка: 2
======
[2023-05-47 07:00:47] Текст ошибки: Undefined variable $slider | Файл: C:\OSPanel\domains\spaceshop.loc\app\views\Main\index.php | Строка: 2
======
[2023-05-47 07:00:47] Текст ошибки: Undefined variable $slider | Файл: C:\OSPanel\domains\spaceshop.loc\app\views\Main\index.php | Строка: 2
======
[2023-05-57 07:02:57] Текст ошибки: Cannot assign string to property CORE\Controller::$data of type array | Файл: C:\OSPanel\domains\spaceshop.loc\vendor\CORE\Controller.php | Строка: 40
======
[2023-05-59 07:02:59] Текст ошибки: Cannot assign string to property CORE\Controller::$data of type array | Файл: C:\OSPanel\domains\spaceshop.loc\vendor\CORE\Controller.php | Строка: 40
======
[2023-05-50 07:03:50] Текст ошибки: Undefined variable $test | Файл: C:\OSPanel\domains\spaceshop.loc\app\views\Main\index.php | Строка: 2
======
[2023-05-38 07:04:38] Текст ошибки: SQLSTATE[42S02]: Base table or view not found: 1146 Table 'spaceshop.slides' doesn't exist | Файл: C:\OSPanel\domains\spaceshop.loc\vendor\gabordemooij\redbean\RedBeanPHP\Driver\RPDO.php | Строка: 206
======
[2023-05-39 07:04:39] Текст ошибки: SQLSTATE[42S02]: Base table or view not found: 1146 Table 'spaceshop.slides' doesn't exist | Файл: C:\OSPanel\domains\spaceshop.loc\vendor\gabordemooij\redbean\RedBeanPHP\Driver\RPDO.php | Строка: 206
======
[2023-05-39 07:04:39] Текст ошибки: SQLSTATE[42S02]: Base table or view not found: 1146 Table 'spaceshop.slides' doesn't exist | Файл: C:\OSPanel\domains\spaceshop.loc\vendor\gabordemooij\redbean\RedBeanPHP\Driver\RPDO.php | Строка: 206
======
[2023-05-39 07:07:39] Текст ошибки: Undefined variable $slides | Файл: C:\OSPanel\domains\spaceshop.loc\app\views\Main\index.php | Строка: 2
======
[2023-05-03 07:08:03] Текст ошибки: Undefined variable $slides | Файл: C:\OSPanel\domains\spaceshop.loc\app\views\Main\index.php | Строка: 2
======
[2023-05-04 07:08:04] Текст ошибки: Undefined variable $slides | Файл: C:\OSPanel\domains\spaceshop.loc\app\views\Main\index.php | Строка: 2
======
[2023-05-04 07:08:04] Текст ошибки: Undefined variable $slides | Файл: C:\OSPanel\domains\spaceshop.loc\app\views\Main\index.php | Строка: 2
======
[2023-05-05 07:08:05] Текст ошибки: Undefined variable $slides | Файл: C:\OSPanel\domains\spaceshop.loc\app\views\Main\index.php | Строка: 2
======
[2023-05-05 07:08:05] Текст ошибки: Undefined variable $slides | Файл: C:\OSPanel\domains\spaceshop.loc\app\views\Main\index.php | Строка: 2
======
[2023-05-05 07:08:05] Текст ошибки: Undefined variable $slides | Файл: C:\OSPanel\domains\spaceshop.loc\app\views\Main\index.php | Строка: 2
======
[2023-05-05 07:08:05] Текст ошибки: Undefined variable $slides | Файл: C:\OSPanel\domains\spaceshop.loc\app\views\Main\index.php | Строка: 2
======
[2023-05-22 07:08:22] Текст ошибки: Unclosed '{' on line 11 does not match ')' | Файл: C:\OSPanel\domains\spaceshop.loc\app\controllers\MainController.php | Строка: 13
======
[2023-05-51 07:08:51] Текст ошибки: Undefined variable $slides | Файл: C:\OSPanel\domains\spaceshop.loc\app\views\Main\index.php | Строка: 2
======
[2023-05-52 07:08:52] Текст ошибки: Undefined variable $slides | Файл: C:\OSPanel\domains\spaceshop.loc\app\views\Main\index.php | Строка: 2
======
[2023-05-02 07:10:02] Текст ошибки: Undefined variable $slides | Файл: C:\OSPanel\domains\spaceshop.loc\app\views\Main\index.php | Строка: 2
======
[2023-05-16 07:24:16] Текст ошибки: Undefined property: CORE\View::$data | Файл: C:\OSPanel\domains\spaceshop.loc\vendor\CORE\View.php | Строка: 25
======
[2023-05-34 07:29:34] Текст ошибки: Undefined variable $slides | Файл: C:\OSPanel\domains\spaceshop.loc\app\views\Main\index.php | Строка: 2
======
[2023-05-06 07:30:06] Текст ошибки: Cannot assign string to property CORE\Controller::$data of type array | Файл: C:\OSPanel\domains\spaceshop.loc\vendor\CORE\Controller.php | Строка: 41
======
[2023-05-28 07:30:28] Текст ошибки: compact(): Undefined variable $qu | Файл: C:\OSPanel\domains\spaceshop.loc\app\controllers\MainController.php | Строка: 14
======
[2023-05-52 07:30:52] Текст ошибки: compact(): Undefined variable $qu | Файл: C:\OSPanel\domains\spaceshop.loc\app\controllers\MainController.php | Строка: 14
======
[2023-05-53 07:30:53] Текст ошибки: compact(): Undefined variable $qu | Файл: C:\OSPanel\domains\spaceshop.loc\app\controllers\MainController.php | Строка: 14
======
[2023-05-15 07:31:15] Текст ошибки: Undefined variable $slides | Файл: C:\OSPanel\domains\spaceshop.loc\app\views\Main\index.php | Строка: 2
======
[2023-05-41 07:31:41] Текст ошибки: Undefined variable $qu | Файл: C:\OSPanel\domains\spaceshop.loc\app\views\Main\index.php | Строка: 4
======
[2023-05-00 07:32:00] Текст ошибки: Undefined variable $test | Файл: C:\OSPanel\domains\spaceshop.loc\app\views\Main\index.php | Строка: 4
======
[2023-05-01 07:32:01] Текст ошибки: Undefined variable $test | Файл: C:\OSPanel\domains\spaceshop.loc\app\views\Main\index.php | Строка: 4
======
[2023-05-17 07:32:17] Текст ошибки: compact(): Undefined variable $qu | Файл: C:\OSPanel\domains\spaceshop.loc\app\controllers\MainController.php | Строка: 14
======
[2023-05-17 07:32:17] Текст ошибки: compact(): Undefined variable $qu | Файл: C:\OSPanel\domains\spaceshop.loc\app\controllers\MainController.php | Строка: 14
======
[2023-05-40 07:32:40] Текст ошибки: compact(): Undefined variable $123 | Файл: C:\OSPanel\domains\spaceshop.loc\app\controllers\MainController.php | Строка: 14
======
[2023-05-56 07:32:56] Текст ошибки: Undefined variable $test | Файл: C:\OSPanel\domains\spaceshop.loc\app\views\Main\index.php | Строка: 4
======
[2023-05-15 07:33:15] Текст ошибки: Undefined variable $slides | Файл: C:\OSPanel\domains\spaceshop.loc\app\views\Main\index.php | Строка: 4
======
[2023-05-16 07:33:16] Текст ошибки: Undefined variable $slides | Файл: C:\OSPanel\domains\spaceshop.loc\app\views\Main\index.php | Строка: 4
======
[2023-05-16 07:33:16] Текст ошибки: Undefined variable $slides | Файл: C:\OSPanel\domains\spaceshop.loc\app\views\Main\index.php | Строка: 4
======
[2023-05-16 07:33:16] Текст ошибки: Undefined variable $slides | Файл: C:\OSPanel\domains\spaceshop.loc\app\views\Main\index.php | Строка: 4
======
[2023-05-11 07:34:11] Текст ошибки: Undefined variable $slides | Файл: C:\OSPanel\domains\spaceshop.loc\app\views\Main\index.php | Строка: 4
======
[2023-05-13 07:42:13] Текст ошибки: syntax error, unexpected token "endif" | Файл: C:\OSPanel\domains\spaceshop.loc\app\views\Main\index.php | Строка: 7
======
[2023-05-28 07:42:28] Текст ошибки: syntax error, unexpected token "endif" | Файл: C:\OSPanel\domains\spaceshop.loc\app\views\Main\index.php | Строка: 7
======
[2023-05-01 10:43:01] Текст ошибки: Undefined array key "exeprt" | Файл: C:\OSPanel\domains\spaceshop.loc\app\views\Main\index.php | Строка: 50
======
[2023-05-07 11:27:07] Текст ошибки: Страница не найдена | Файл: C:\OSPanel\domains\spaceshop.loc\vendor\CORE\Router.php | Строка: 59
======
[2023-05-01 11:31:01] Текст ошибки: Не удалось найти модель App\models\Product | Файл: C:\OSPanel\domains\spaceshop.loc\vendor\CORE\Controller.php | Строка: 29
======
[2023-05-01 11:31:01] Текст ошибки: Не удалось найти модель App\models\Product | Файл: C:\OSPanel\domains\spaceshop.loc\vendor\CORE\Controller.php | Строка: 29
======
[2023-05-02 11:31:02] Текст ошибки: Не удалось найти модель App\models\Product | Файл: C:\OSPanel\domains\spaceshop.loc\vendor\CORE\Controller.php | Строка: 29
======
[2023-05-33 11:31:33] Текст ошибки: Не удалось найти модель App\models\Product | Файл: C:\OSPanel\domains\spaceshop.loc\vendor\CORE\Controller.php | Строка: 29
======
[2023-05-33 11:31:33] Текст ошибки: Не удалось найти модель App\models\Product | Файл: C:\OSPanel\domains\spaceshop.loc\vendor\CORE\Controller.php | Строка: 29
======
[2023-05-27 11:34:27] Текст ошибки: Не найден вид C:\OSPanel\domains\spaceshop.loc/app/views/Product/view.php | Файл: C:\OSPanel\domains\spaceshop.loc\vendor\CORE\View.php | Строка: 36
======
[2023-05-03 11:35:03] Текст ошибки: Call to a member function getDatabase() on null | Файл: C:\OSPanel\domains\spaceshop.loc\vendor\CORE\View.php | Строка: 58
======
[2023-05-29 11:35:29] Текст ошибки: Не найден вид C:\OSPanel\domains\spaceshop.loc/app/views/Product/view.php | Файл: C:\OSPanel\domains\spaceshop.loc\vendor\CORE\View.php | Строка: 36
======
[2023-05-13 11:36:13] Текст ошибки: Call to a member function getDatabase() on null | Файл: C:\OSPanel\domains\spaceshop.loc\vendor\CORE\View.php | Строка: 56
======
[2023-05-34 11:36:34] Текст ошибки: Не найден вид C:\OSPanel\domains\spaceshop.loc/app/views/Product/view.php | Файл: C:\OSPanel\domains\spaceshop.loc\vendor\CORE\View.php | Строка: 36
======
[2023-05-15 11:38:15] Текст ошибки: Не найдена модель для App\models\Product | Файл: C:\OSPanel\domains\spaceshop.loc\vendor\CORE\Controller.php | Строка: 29
======
[2023-05-10 11:41:10] Текст ошибки: Не найдена модель для App\models\Product | Файл: C:\OSPanel\domains\spaceshop.loc\vendor\CORE\Controller.php | Строка: 29
======
[2023-05-24 11:43:24] Текст ошибки: Не найдена модель для App\models\Product | Файл: C:\OSPanel\domains\spaceshop.loc\vendor\CORE\Controller.php | Строка: 29
======
[2023-05-53 11:43:53] Текст ошибки: Не найдена модель для App\models\Product | Файл: C:\OSPanel\domains\spaceshop.loc\vendor\CORE\Controller.php | Строка: 29
======
[2023-05-35 13:05:35] Текст ошибки: Call to a member function getDatabase() on null | Файл: C:\OSPanel\domains\spaceshop.loc\vendor\CORE\View.php | Строка: 60
======
[2023-05-43 13:18:43] Текст ошибки: Class "App\widjets\Language\Language" not found | Файл: C:\OSPanel\domains\spaceshop.loc\app\controllers\AppController.php | Строка: 18
======
[2023-05-27 13:21:27] Текст ошибки: syntax error, unexpected token "use", expecting "," or ";" | Файл: C:\OSPanel\domains\spaceshop.loc\app\controllers\AppController.php | Строка: 7
======
[2023-05-03 13:51:03] Текст ошибки: App\widjets\Language\Language::getActiveLanguage(): Return value must be of type array, none returned | Файл: C:\OSPanel\domains\spaceshop.loc\app\widjets\language\Language.php | Строка: 34
======
[2023-05-37 13:53:37] Текст ошибки: App\widjets\Language\Language::getActiveLanguage(): Return value must be of type array, none returned | Файл: C:\OSPanel\domains\spaceshop.loc\app\widjets\language\Language.php | Строка: 34
======
[2023-05-22 14:00:22] Текст ошибки: Язык fr не установлен на сайте | Файл: C:\OSPanel\domains\spaceshop.loc\app\widjets\language\Language.php | Строка: 39
======
[2023-05-10 14:05:10] Текст ошибки: syntax error, unexpected token ";", expecting ")" | Файл: C:\OSPanel\domains\spaceshop.loc\app\controllers\AppController.php | Строка: 21
======
[2023-05-49 14:05:49] Текст ошибки: Язык fr не установлен на сайте | Файл: C:\OSPanel\domains\spaceshop.loc\app\widjets\language\Language.php | Строка: 39
======
[2023-05-01 15:01:01] Текст ошибки: require_once(C:\OSPanel\domains\spaceshop.loc\app\widjets\languagelang_tpl.php): Failed to open stream: No such file or directory | Файл: C:\OSPanel\domains\spaceshop.loc\app\widjets\language\Language.php | Строка: 52
======
[2023-05-59 15:10:59] Текст ошибки: Array to string conversion | Файл: C:\OSPanel\domains\spaceshop.loc\app\widjets\language\lang_tpl.php | Строка: 3
======
